<?xml version='1.0' encoding='UTF-8'?>
<!DOCTYPE coverage SYSTEM 'http://cobertura.sourceforge.net/xml/coverage-04.dtd'>
<coverage line-rate="0.8147995039272427" function-rate="0.0" branch-rate="0.4528301886792453" lines-covered="1971" lines-valid="2419" functions-covered="0" functions-valid="3" branches-covered="2040" branches-valid="4505" complexity="0.0" timestamp="1752281798" version="gcovr 5.2"><sources><source>.</source></sources><packages><package name="app" line-rate="0.0" function-rate="0.0" branch-rate="0.0" complexity="0.0"><classes><class name="main_f90" filename="app/main.f90" line-rate="0.0" branch-rate="0.0" complexity="0.0"><methods/><lines><line number="1" hits="0" branch="false"/><line number="2" hits="0" branch="false"/><line number="12" hits="0" branch="false"/><line number="13" hits="0" branch="false"/><line number="16" hits="0" branch="false"/><line number="18" hits="0" branch="true" condition-coverage="0% (0/2)"><conditions><condition number="0" type="jump" coverage="0%"/></conditions></line><line number="19" hits="0" branch="false"/><line number="20" hits="0" branch="false"/><line number="23" hits="0" branch="true" condition-coverage="0% (0/2)"><conditions><condition number="0" type="jump" coverage="0%"/></conditions></line><line number="25" hits="0" branch="true" condition-coverage="0% (0/2)"><conditions><condition number="0" type="jump" coverage="0%"/></conditions></line><line number="26" hits="0" branch="false"/><line number="29" hits="0" branch="false"/><line number="30" hits="0" branch="false"/><line number="31" hits="0" branch="false"/><line number="33" hits="0" branch="true" condition-coverage="0% (0/2)"><conditions><condition number="0" type="jump" coverage="0%"/></conditions></line><line number="34" hits="0" branch="true" condition-coverage="0% (0/2)"><conditions><condition number="0" type="jump" coverage="0%"/></conditions></line><line number="37" hits="0" branch="false"/><line number="38" hits="0" branch="false"/><line number="41" hits="0" branch="false"/><line number="43" hits="0" branch="true" condition-coverage="0% (0/2)"><conditions><condition number="0" type="jump" coverage="0%"/></conditions></line><line number="44" hits="0" branch="false"/><line number="50" hits="0" branch="false"/><line number="51" hits="0" branch="false"/><line number="52" hits="0" branch="false"/><line number="53" hits="0" branch="false"/><line number="54" hits="0" branch="false"/><line number="55" hits="0" branch="false"/><line number="56" hits="0" branch="false"/><line number="57" hits="0" branch="false"/><line number="58" hits="0" branch="false"/><line number="59" hits="0" branch="false"/><line number="60" hits="0" branch="false"/><line number="61" hits="0" branch="false"/><line number="62" hits="0" branch="false"/><line number="63" hits="0" branch="false"/><line number="64" hits="0" branch="false"/><line number="65" hits="0" branch="false"/><line number="66" hits="0" branch="false"/><line number="67" hits="0" branch="false"/><line number="68" hits="0" branch="false"/><line number="69" hits="0" branch="false"/><line number="70" hits="0" branch="false"/><line number="71" hits="0" branch="false"/><line number="72" hits="0" branch="false"/><line number="73" hits="0" branch="false"/></lines></class></classes></package><package name="src" line-rate="0.8302443133951137" function-rate="0.0" branch-rate="0.45403961718228353" complexity="0.0"><classes><class name="cache_f90" filename="src/cache.f90" line-rate="0.903448275862069" branch-rate="0.5033333333333333" complexity="0.0"><methods/><lines><line number="18" hits="360" branch="false"/><line number="24" hits="360" branch="false"/><line number="26" hits="360" branch="true" condition-coverage="50% (1/2)"><conditions><condition number="0" type="jump" coverage="50%"/></conditions></line><line number="27" hits="360" branch="true" condition-coverage="50% (2/4)"><conditions><condition number="0" type="jump" coverage="50%"/></conditions></line><line number="30" hits="0" branch="false"/><line number="32" hits="0" branch="true" condition-coverage="0% (0/2)"><conditions><condition number="0" type="jump" coverage="0%"/></conditions></line><line number="34" hits="0" branch="true" condition-coverage="0% (0/4)"><conditions><condition number="0" type="jump" coverage="0%"/></conditions></line><line number="37" hits="0" branch="false"/><line number="38" hits="0" branch="true" condition-coverage="0% (0/2)"><conditions><condition number="0" type="jump" coverage="0%"/></conditions></line><line number="39" hits="0" branch="true" condition-coverage="0% (0/4)"><conditions><condition number="0" type="jump" coverage="0%"/></conditions></line><line number="42" hits="0" branch="false"/><line number="47" hits="360" branch="false"/><line number="49" hits="150" branch="false"/><line number="56" hits="150" branch="true" condition-coverage="50% (2/4)"><conditions><condition number="0" type="jump" coverage="50%"/></conditions></line><line number="58" hits="150" branch="false"/><line number="60" hits="150" branch="false"/><line number="62" hits="150" branch="false"/><line number="64" hits="10" branch="false"/><line number="72" hits="10" branch="false"/><line number="73" hits="10" branch="true" condition-coverage="50% (1/2)"><conditions><condition number="0" type="jump" coverage="50%"/></conditions></line><line number="76" hits="10" branch="true" condition-coverage="50% (2/4)"><conditions><condition number="0" type="jump" coverage="50%"/></conditions></line><line number="77" hits="10" branch="false"/><line number="78" hits="10" branch="false"/><line number="80" hits="10" branch="true" condition-coverage="50% (2/4)"><conditions><condition number="0" type="jump" coverage="50%"/></conditions></line><line number="81" hits="10" branch="false"/><line number="82" hits="10" branch="false"/><line number="84" hits="10" branch="true" condition-coverage="50% (2/4)"><conditions><condition number="0" type="jump" coverage="50%"/></conditions></line><line number="85" hits="10" branch="false"/><line number="86" hits="10" branch="false"/><line number="88" hits="10" branch="true" condition-coverage="50% (2/4)"><conditions><condition number="0" type="jump" coverage="50%"/></conditions></line><line number="89" hits="10" branch="false"/><line number="90" hits="10" branch="false"/><line number="92" hits="10" branch="false"/><line number="94" hits="10" branch="false"/><line number="96" hits="140" branch="false"/><line number="101" hits="280" branch="false"/><line number="102" hits="140" branch="true" condition-coverage="50% (3/6)"><conditions><condition number="0" type="jump" coverage="50%"/></conditions></line><line number="104" hits="140" branch="false"/><line number="106" hits="20" branch="false"/><line number="114" hits="20" branch="false"/><line number="117" hits="20" branch="true" condition-coverage="66% (4/6)"><conditions><condition number="0" type="jump" coverage="66%"/></conditions></line><line number="118" hits="20" branch="false"/><line number="119" hits="25" branch="true" condition-coverage="50% (1/2)"><conditions><condition number="0" type="jump" coverage="50%"/></conditions></line><line number="122" hits="20" branch="false"/><line number="123" hits="45" branch="true" condition-coverage="100% (2/2)"><conditions><condition number="0" type="jump" coverage="100%"/></conditions></line><line number="124" hits="45" branch="true" condition-coverage="100% (2/2)"><conditions><condition number="0" type="jump" coverage="100%"/></conditions></line><line number="125" hits="20" branch="true" condition-coverage="50% (2/4)"><conditions><condition number="0" type="jump" coverage="50%"/></conditions></line><line number="126" hits="20" branch="true" condition-coverage="50% (3/6)"><conditions><condition number="0" type="jump" coverage="50%"/></conditions></line><line number="127" hits="20" branch="false"/><line number="128" hits="20" branch="true" condition-coverage="100% (2/2)"><conditions><condition number="0" type="jump" coverage="100%"/></conditions></line><line number="129" hits="5" branch="false"/><line number="130" hits="5" branch="false"/><line number="135" hits="20" branch="true" condition-coverage="50% (1/2)"><conditions><condition number="0" type="jump" coverage="50%"/></conditions></line><line number="137" hits="15" branch="false"/><line number="144" hits="30" branch="false"/><line number="147" hits="15" branch="true" condition-coverage="66% (4/6)"><conditions><condition number="0" type="jump" coverage="66%"/></conditions></line><line number="148" hits="15" branch="false"/><line number="149" hits="15" branch="true" condition-coverage="50% (1/2)"><conditions><condition number="0" type="jump" coverage="50%"/></conditions></line><line number="152" hits="15" branch="true" condition-coverage="50% (2/4)"><conditions><condition number="0" type="jump" coverage="50%"/></conditions></line><line number="153" hits="15" branch="true" condition-coverage="66% (4/6)"><conditions><condition number="0" type="jump" coverage="66%"/></conditions></line><line number="154" hits="15" branch="false"/><line number="155" hits="15" branch="false"/><line number="157" hits="15" branch="true" condition-coverage="100% (2/2)"><conditions><condition number="0" type="jump" coverage="100%"/></conditions></line><line number="159" hits="5" branch="true" condition-coverage="50% (2/4)"><conditions><condition number="0" type="jump" coverage="50%"/></conditions></line><line number="160" hits="5" branch="false"/><line number="161" hits="5" branch="false"/><line number="164" hits="15" branch="false"/><line number="166" hits="30" branch="true" condition-coverage="50% (2/4)"><conditions><condition number="0" type="jump" coverage="50%"/></conditions></line><line number="175" hits="30" branch="false"/><line number="177" hits="90" branch="true" condition-coverage="100% (2/2)"><conditions><condition number="0" type="jump" coverage="100%"/></conditions></line><line number="178" hits="90" branch="true" condition-coverage="100% (2/2)"><conditions><condition number="0" type="jump" coverage="100%"/></conditions></line><line number="179" hits="40" branch="true" condition-coverage="66% (4/6)"><conditions><condition number="0" type="jump" coverage="66%"/></conditions></line><line number="183" hits="75" branch="true" condition-coverage="100% (2/2)"><conditions><condition number="0" type="jump" coverage="100%"/></conditions></line><line number="184" hits="75" branch="true" condition-coverage="100% (2/2)"><conditions><condition number="0" type="jump" coverage="100%"/></conditions></line><line number="185" hits="15" branch="true" condition-coverage="50% (3/6)"><conditions><condition number="0" type="jump" coverage="50%"/></conditions></line><line number="190" hits="30" branch="true" condition-coverage="75% (3/4)"><conditions><condition number="0" type="jump" coverage="75%"/></conditions></line><line number="193" hits="1360" branch="true" condition-coverage="100% (2/2)"><conditions><condition number="0" type="jump" coverage="100%"/></conditions></line><line number="195" hits="1360" branch="true" condition-coverage="100% (2/2)"><conditions><condition number="0" type="jump" coverage="100%"/></conditions></line><line number="196" hits="140" branch="false"/><line number="200" hits="30" branch="false"/><line number="202" hits="15" branch="false"/><line number="205" hits="15" branch="false"/><line number="206" hits="15" branch="false"/><line number="211" hits="15" branch="true" condition-coverage="0% (0/2)"><conditions><condition number="0" type="jump" coverage="0%"/></conditions></line><line number="213" hits="15" branch="true" condition-coverage="100% (2/2)"><conditions><condition number="0" type="jump" coverage="100%"/></conditions></line><line number="215" hits="5" branch="false"/><line number="216" hits="5" branch="false"/><line number="219" hits="10" branch="true" condition-coverage="50% (1/2)"><conditions><condition number="0" type="jump" coverage="50%"/></conditions></line><line number="220" hits="10" branch="false"/><line number="221" hits="10" branch="false"/><line number="226" hits="0" branch="false"/><line number="227" hits="0" branch="true" condition-coverage="0% (0/4)"><conditions><condition number="0" type="jump" coverage="0%"/></conditions></line><line number="230" hits="0" branch="true" condition-coverage="0% (0/2)"><conditions><condition number="0" type="jump" coverage="0%"/></conditions></line><line number="231" hits="0" branch="false"/><line number="232" hits="0" branch="true" condition-coverage="0% (0/4)"><conditions><condition number="0" type="jump" coverage="0%"/></conditions></line><line number="235" hits="40" branch="true" condition-coverage="16% (9/56)"><conditions><condition number="0" type="jump" coverage="16%"/></conditions></line><line number="237" hits="50" branch="false"/><line number="242" hits="50" branch="false"/><line number="243" hits="50" branch="false"/><line number="244" hits="45" branch="true" condition-coverage="50% (1/2)"><conditions><condition number="0" type="jump" coverage="50%"/></conditions></line><line number="246" hits="5" branch="true" condition-coverage="50% (1/2)"><conditions><condition number="0" type="jump" coverage="50%"/></conditions></line><line number="249" hits="50" branch="true" condition-coverage="100% (2/2)"><conditions><condition number="0" type="jump" coverage="100%"/></conditions></line><line number="251" hits="10" branch="false"/><line number="259" hits="10" branch="true" condition-coverage="50% (2/4)"><conditions><condition number="0" type="jump" coverage="50%"/></conditions></line><line number="260" hits="10" branch="false"/><line number="261" hits="10" branch="true" condition-coverage="50% (1/2)"><conditions><condition number="0" type="jump" coverage="50%"/></conditions></line><line number="264" hits="10" branch="true" condition-coverage="50% (3/6)"><conditions><condition number="0" type="jump" coverage="50%"/></conditions></line><line number="265" hits="10" branch="false"/><line number="266" hits="10" branch="false"/><line number="268" hits="10" branch="false"/><line number="270" hits="15" branch="false"/><line number="279" hits="15" branch="true" condition-coverage="50% (2/4)"><conditions><condition number="0" type="jump" coverage="50%"/></conditions></line><line number="281" hits="15" branch="true" condition-coverage="50% (1/2)"><conditions><condition number="0" type="jump" coverage="50%"/></conditions></line><line number="282" hits="15" branch="true" condition-coverage="50% (1/2)"><conditions><condition number="0" type="jump" coverage="50%"/></conditions></line><line number="283" hits="0" branch="false"/><line number="284" hits="0" branch="false"/><line number="288" hits="15" branch="false"/><line number="289" hits="15" branch="true" condition-coverage="50% (1/2)"><conditions><condition number="0" type="jump" coverage="50%"/></conditions></line><line number="292" hits="15" branch="true" condition-coverage="50% (3/6)"><conditions><condition number="0" type="jump" coverage="50%"/></conditions></line><line number="293" hits="15" branch="false"/><line number="294" hits="15" branch="false"/><line number="296" hits="15" branch="false"/><line number="298" hits="40" branch="false"/><line number="304" hits="40" branch="true" condition-coverage="50% (2/4)"><conditions><condition number="0" type="jump" coverage="50%"/></conditions></line><line number="306" hits="40" branch="true" condition-coverage="50% (1/2)"><conditions><condition number="0" type="jump" coverage="50%"/></conditions></line><line number="308" hits="80" branch="false"/><line number="310" hits="20" branch="false"/><line number="317" hits="20" branch="true" condition-coverage="50% (2/4)"><conditions><condition number="0" type="jump" coverage="50%"/></conditions></line><line number="318" hits="20" branch="true" condition-coverage="50% (2/4)"><conditions><condition number="0" type="jump" coverage="50%"/></conditions></line><line number="319" hits="20" branch="false"/><line number="320" hits="20" branch="false"/><line number="322" hits="20" branch="false"/><line number="324" hits="105" branch="true" condition-coverage="50% (1/2)"><conditions><condition number="0" type="jump" coverage="50%"/></conditions></line><line number="328" hits="105" branch="false"/><line number="334" hits="105" branch="false"/><line number="336" hits="485" branch="true" condition-coverage="100% (2/2)"><conditions><condition number="0" type="jump" coverage="100%"/></conditions></line><line number="337" hits="380" branch="true" condition-coverage="100% (2/2)"><conditions><condition number="0" type="jump" coverage="100%"/></conditions></line><line number="340" hits="10760" branch="true" condition-coverage="80% (24/30)"><conditions><condition number="0" type="jump" coverage="80%"/></conditions></line><line number="343" hits="475" branch="true" condition-coverage="50% (1/2)"><conditions><condition number="0" type="jump" coverage="50%"/></conditions></line><line number="344" hits="370" branch="false"/><line number="349" hits="105" branch="true" condition-coverage="100% (2/2)"><conditions><condition number="0" type="jump" coverage="100%"/></conditions></line><line number="350" hits="100" branch="false"/><line number="351" hits="100" branch="true" condition-coverage="50% (2/4)"><conditions><condition number="0" type="jump" coverage="50%"/></conditions></line><line number="353" hits="5" branch="false"/><line number="356" hits="1460" branch="true" condition-coverage="87% (7/8)"><conditions><condition number="0" type="jump" coverage="87%"/></conditions></line></lines></class><class name="cache_lock_f90" filename="src/cache_lock.f90" line-rate="0.8467741935483871" branch-rate="0.5" complexity="0.0"><methods/><lines><line number="12" hits="170" branch="false"/><line number="21" hits="170" branch="false"/><line number="22" hits="170" branch="false"/><line number="24" hits="170" branch="false"/><line number="25" hits="170" branch="false"/><line number="26" hits="170" branch="false"/><line number="28" hits="0" branch="false"/><line number="30" hits="170" branch="false"/><line number="33" hits="170" branch="true" condition-coverage="100% (2/2)"><conditions><condition number="0" type="jump" coverage="100%"/></conditions></line><line number="35" hits="165" branch="true" condition-coverage="50% (1/2)"><conditions><condition number="0" type="jump" coverage="50%"/></conditions></line><line number="36" hits="165" branch="false"/><line number="37" hits="165" branch="false"/><line number="40" hits="0" branch="false"/><line number="41" hits="0" branch="true" condition-coverage="0% (0/2)"><conditions><condition number="0" type="jump" coverage="0%"/></conditions></line><line number="42" hits="0" branch="false"/><line number="47" hits="5" branch="true" condition-coverage="50% (1/2)"><conditions><condition number="0" type="jump" coverage="50%"/></conditions></line><line number="48" hits="0" branch="false"/><line number="49" hits="0" branch="false"/><line number="53" hits="5" branch="false"/><line number="58" hits="5" branch="true" condition-coverage="50% (1/2)"><conditions><condition number="0" type="jump" coverage="50%"/></conditions></line><line number="59" hits="5" branch="false"/><line number="64" hits="0" branch="false"/><line number="65" hits="0" branch="false"/><line number="67" hits="0" branch="true" condition-coverage="0% (0/2)"><conditions><condition number="0" type="jump" coverage="0%"/></conditions></line><line number="68" hits="0" branch="false"/><line number="72" hits="340" branch="true" condition-coverage="50% (1/2)"><conditions><condition number="0" type="jump" coverage="50%"/></conditions></line><line number="74" hits="165" branch="false"/><line number="78" hits="330" branch="false"/><line number="79" hits="165" branch="false"/><line number="81" hits="165" branch="false"/><line number="83" hits="10" branch="false"/><line number="88" hits="20" branch="false"/><line number="89" hits="10" branch="false"/><line number="94" hits="20" branch="false"/><line number="96" hits="75" branch="false"/><line number="103" hits="75" branch="true" condition-coverage="50% (2/4)"><conditions><condition number="0" type="jump" coverage="50%"/></conditions></line><line number="104" hits="75" branch="false"/><line number="106" hits="75" branch="false"/><line number="107" hits="75" branch="true" condition-coverage="50% (1/2)"><conditions><condition number="0" type="jump" coverage="50%"/></conditions></line><line number="108" hits="5" branch="false"/><line number="109" hits="80" branch="false"/><line number="110" hits="80" branch="true" condition-coverage="100% (2/2)"><conditions><condition number="0" type="jump" coverage="100%"/></conditions></line><line number="112" hits="5" branch="true" condition-coverage="50% (2/4)"><conditions><condition number="0" type="jump" coverage="50%"/></conditions></line><line number="113" hits="5" branch="true" condition-coverage="50% (1/2)"><conditions><condition number="0" type="jump" coverage="50%"/></conditions></line><line number="116" hits="75" branch="false"/><line number="119" hits="75" branch="false"/><line number="121" hits="75" branch="false"/><line number="125" hits="345" branch="false"/><line number="129" hits="345" branch="true" condition-coverage="50% (3/6)"><conditions><condition number="0" type="jump" coverage="50%"/></conditions></line><line number="131" hits="345" branch="false"/><line number="133" hits="165" branch="false"/><line number="141" hits="165" branch="false"/><line number="144" hits="165" branch="false"/><line number="145" hits="165" branch="false"/><line number="146" hits="165" branch="false"/><line number="148" hits="165" branch="true" condition-coverage="50% (3/6)"><conditions><condition number="0" type="jump" coverage="50%"/></conditions></line><line number="150" hits="165" branch="false"/><line number="151" hits="165" branch="true" condition-coverage="50% (1/2)"><conditions><condition number="0" type="jump" coverage="50%"/></conditions></line><line number="152" hits="165" branch="true" condition-coverage="50% (1/2)"><conditions><condition number="0" type="jump" coverage="50%"/></conditions></line><line number="153" hits="165" branch="true" condition-coverage="50% (1/2)"><conditions><condition number="0" type="jump" coverage="50%"/></conditions></line><line number="154" hits="165" branch="false"/><line number="158" hits="165" branch="false"/><line number="159" hits="165" branch="true" condition-coverage="50% (1/2)"><conditions><condition number="0" type="jump" coverage="50%"/></conditions></line><line number="161" hits="0" branch="true" condition-coverage="0% (0/2)"><conditions><condition number="0" type="jump" coverage="0%"/></conditions></line><line number="162" hits="0" branch="false"/><line number="165" hits="165" branch="true" condition-coverage="50% (3/6)"><conditions><condition number="0" type="jump" coverage="50%"/></conditions></line><line number="166" hits="165" branch="false"/><line number="168" hits="165" branch="true" condition-coverage="50% (1/2)"><conditions><condition number="0" type="jump" coverage="50%"/></conditions></line><line number="170" hits="165" branch="false"/><line number="171" hits="165" branch="false"/><line number="173" hits="0" branch="false"/><line number="176" hits="165" branch="true" condition-coverage="50% (1/2)"><conditions><condition number="0" type="jump" coverage="50%"/></conditions></line><line number="180" hits="330" branch="false"/><line number="182" hits="10" branch="false"/><line number="189" hits="10" branch="false"/><line number="191" hits="10" branch="false"/><line number="192" hits="10" branch="true" condition-coverage="50% (1/2)"><conditions><condition number="0" type="jump" coverage="50%"/></conditions></line><line number="193" hits="10" branch="false"/><line number="194" hits="10" branch="false"/><line number="195" hits="10" branch="false"/><line number="197" hits="10" branch="true" condition-coverage="50% (1/2)"><conditions><condition number="0" type="jump" coverage="50%"/></conditions></line><line number="199" hits="10" branch="true" condition-coverage="50% (1/2)"><conditions><condition number="0" type="jump" coverage="50%"/></conditions></line><line number="200" hits="10" branch="false"/><line number="201" hits="10" branch="true" condition-coverage="50% (1/2)"><conditions><condition number="0" type="jump" coverage="50%"/></conditions></line><line number="202" hits="10" branch="true" condition-coverage="50% (1/2)"><conditions><condition number="0" type="jump" coverage="50%"/></conditions></line><line number="203" hits="10" branch="true" condition-coverage="50% (1/2)"><conditions><condition number="0" type="jump" coverage="50%"/></conditions></line><line number="204" hits="10" branch="true" condition-coverage="50% (1/2)"><conditions><condition number="0" type="jump" coverage="50%"/></conditions></line><line number="205" hits="10" branch="true" condition-coverage="50% (1/2)"><conditions><condition number="0" type="jump" coverage="50%"/></conditions></line><line number="207" hits="10" branch="true" condition-coverage="50% (1/2)"><conditions><condition number="0" type="jump" coverage="50%"/></conditions></line><line number="210" hits="10" branch="false"/><line number="211" hits="10" branch="false"/><line number="215" hits="10" branch="true" condition-coverage="100% (2/2)"><conditions><condition number="0" type="jump" coverage="100%"/></conditions></line><line number="216" hits="5" branch="false"/><line number="219" hits="5" branch="false"/><line number="220" hits="5" branch="true" condition-coverage="50% (1/2)"><conditions><condition number="0" type="jump" coverage="50%"/></conditions></line><line number="221" hits="5" branch="true" condition-coverage="50% (1/2)"><conditions><condition number="0" type="jump" coverage="50%"/></conditions></line><line number="222" hits="0" branch="false"/><line number="229" hits="0" branch="false"/><line number="234" hits="20" branch="false"/><line number="236" hits="170" branch="false"/><line number="240" hits="170" branch="true" condition-coverage="50% (2/4)"><conditions><condition number="0" type="jump" coverage="50%"/></conditions></line><line number="241" hits="170" branch="false"/><line number="243" hits="170" branch="false"/><line number="245" hits="165" branch="false"/><line number="256" hits="165" branch="false"/><line number="258" hits="165" branch="false"/><line number="260" hits="165" branch="false"/><line number="264" hits="165" branch="false"/><line number="266" hits="165" branch="false"/><line number="267" hits="330" branch="false"/><line number="269" hits="165" branch="false"/><line number="271" hits="10" branch="false"/><line number="276" hits="10" branch="false"/><line number="279" hits="10" branch="false"/><line number="281" hits="10" branch="false"/><line number="283" hits="5" branch="false"/><line number="289" hits="5" branch="false"/><line number="290" hits="5" branch="false"/><line number="292" hits="5" branch="false"/><line number="294" hits="5" branch="false"/><line number="296" hits="0" branch="false"/><line number="300" hits="0" branch="false"/><line number="301" hits="0" branch="false"/><line number="303" hits="0" branch="false"/></lines></class><class name="cli_f90" filename="src/cli.f90" line-rate="0.20202020202020202" branch-rate="0.07758620689655173" complexity="0.0"><methods/><lines><line number="8" hits="5" branch="false"/><line number="25" hits="5" branch="true" condition-coverage="50% (1/2)"><conditions><condition number="0" type="jump" coverage="50%"/></conditions></line><line number="26" hits="5" branch="false"/><line number="27" hits="5" branch="false"/><line number="28" hits="5" branch="true" condition-coverage="50% (2/4)"><conditions><condition number="0" type="jump" coverage="50%"/></conditions></line><line number="29" hits="5" branch="true" condition-coverage="50% (2/4)"><conditions><condition number="0" type="jump" coverage="50%"/></conditions></line><line number="30" hits="5" branch="false"/><line number="31" hits="5" branch="false"/><line number="32" hits="5" branch="false"/><line number="33" hits="5" branch="true" condition-coverage="50% (2/4)"><conditions><condition number="0" type="jump" coverage="50%"/></conditions></line><line number="34" hits="5" branch="false"/><line number="35" hits="5" branch="false"/><line number="36" hits="5" branch="false"/><line number="37" hits="5" branch="false"/><line number="38" hits="5" branch="false"/><line number="40" hits="5" branch="false"/><line number="42" hits="5" branch="true" condition-coverage="50% (1/2)"><conditions><condition number="0" type="jump" coverage="50%"/></conditions></line><line number="43" hits="5" branch="false"/><line number="44" hits="5" branch="false"/><line number="47" hits="0" branch="false"/><line number="48" hits="0" branch="true" condition-coverage="0% (0/2)"><conditions><condition number="0" type="jump" coverage="0%"/></conditions></line><line number="49" hits="0" branch="false"/><line number="51" hits="0" branch="true" condition-coverage="0% (0/2)"><conditions><condition number="0" type="jump" coverage="0%"/></conditions></line><line number="52" hits="0" branch="true" condition-coverage="0% (0/6)"><conditions><condition number="0" type="jump" coverage="0%"/></conditions></line><line number="53" hits="0" branch="false"/><line number="54" hits="0" branch="true" condition-coverage="0% (0/2)"><conditions><condition number="0" type="jump" coverage="0%"/></conditions></line><line number="55" hits="0" branch="true" condition-coverage="0% (0/6)"><conditions><condition number="0" type="jump" coverage="0%"/></conditions></line><line number="56" hits="0" branch="false"/><line number="57" hits="0" branch="true" condition-coverage="0% (0/2)"><conditions><condition number="0" type="jump" coverage="0%"/></conditions></line><line number="58" hits="0" branch="true" condition-coverage="0% (0/6)"><conditions><condition number="0" type="jump" coverage="0%"/></conditions></line><line number="59" hits="0" branch="false"/><line number="60" hits="0" branch="true" condition-coverage="0% (0/2)"><conditions><condition number="0" type="jump" coverage="0%"/></conditions></line><line number="61" hits="0" branch="false"/><line number="62" hits="0" branch="true" condition-coverage="0% (0/2)"><conditions><condition number="0" type="jump" coverage="0%"/></conditions></line><line number="63" hits="0" branch="false"/><line number="64" hits="0" branch="false"/><line number="66" hits="0" branch="false"/><line number="67" hits="0" branch="true" condition-coverage="0% (0/2)"><conditions><condition number="0" type="jump" coverage="0%"/></conditions></line><line number="68" hits="0" branch="false"/><line number="69" hits="0" branch="false"/><line number="70" hits="0" branch="true" condition-coverage="0% (0/2)"><conditions><condition number="0" type="jump" coverage="0%"/></conditions></line><line number="71" hits="0" branch="false"/><line number="72" hits="0" branch="true" condition-coverage="0% (0/2)"><conditions><condition number="0" type="jump" coverage="0%"/></conditions></line><line number="73" hits="0" branch="false"/><line number="74" hits="0" branch="true" condition-coverage="0% (0/2)"><conditions><condition number="0" type="jump" coverage="0%"/></conditions></line><line number="76" hits="0" branch="true" condition-coverage="0% (0/2)"><conditions><condition number="0" type="jump" coverage="0%"/></conditions></line><line number="77" hits="0" branch="false"/><line number="78" hits="0" branch="true" condition-coverage="0% (0/2)"><conditions><condition number="0" type="jump" coverage="0%"/></conditions></line><line number="79" hits="0" branch="false"/><line number="80" hits="0" branch="false"/><line number="81" hits="0" branch="true" condition-coverage="0% (0/2)"><conditions><condition number="0" type="jump" coverage="0%"/></conditions></line><line number="82" hits="0" branch="false"/><line number="83" hits="0" branch="false"/><line number="86" hits="0" branch="false"/><line number="90" hits="0" branch="false"/><line number="92" hits="0" branch="true" condition-coverage="0% (0/2)"><conditions><condition number="0" type="jump" coverage="0%"/></conditions></line><line number="93" hits="0" branch="false"/><line number="94" hits="0" branch="true" condition-coverage="0% (0/2)"><conditions><condition number="0" type="jump" coverage="0%"/></conditions></line><line number="95" hits="0" branch="false"/><line number="96" hits="0" branch="true" condition-coverage="0% (0/2)"><conditions><condition number="0" type="jump" coverage="0%"/></conditions></line><line number="97" hits="0" branch="false"/><line number="98" hits="0" branch="true" condition-coverage="0% (0/2)"><conditions><condition number="0" type="jump" coverage="0%"/></conditions></line><line number="99" hits="0" branch="false"/><line number="100" hits="0" branch="true" condition-coverage="0% (0/2)"><conditions><condition number="0" type="jump" coverage="0%"/></conditions></line><line number="101" hits="0" branch="false"/><line number="102" hits="0" branch="true" condition-coverage="0% (0/2)"><conditions><condition number="0" type="jump" coverage="0%"/></conditions></line><line number="103" hits="0" branch="false"/><line number="104" hits="0" branch="true" condition-coverage="0% (0/2)"><conditions><condition number="0" type="jump" coverage="0%"/></conditions></line><line number="106" hits="0" branch="true" condition-coverage="0% (0/2)"><conditions><condition number="0" type="jump" coverage="0%"/></conditions></line><line number="107" hits="0" branch="true" condition-coverage="0% (0/6)"><conditions><condition number="0" type="jump" coverage="0%"/></conditions></line><line number="108" hits="0" branch="false"/><line number="112" hits="0" branch="false"/><line number="115" hits="0" branch="true" condition-coverage="0% (0/2)"><conditions><condition number="0" type="jump" coverage="0%"/></conditions></line><line number="116" hits="0" branch="false"/><line number="117" hits="0" branch="false"/><line number="120" hits="0" branch="true" condition-coverage="0% (0/2)"><conditions><condition number="0" type="jump" coverage="0%"/></conditions></line><line number="121" hits="0" branch="false"/><line number="122" hits="0" branch="false"/><line number="125" hits="0" branch="true" condition-coverage="0% (0/2)"><conditions><condition number="0" type="jump" coverage="0%"/></conditions></line><line number="126" hits="0" branch="false"/><line number="127" hits="0" branch="false"/><line number="130" hits="0" branch="true" condition-coverage="0% (0/2)"><conditions><condition number="0" type="jump" coverage="0%"/></conditions></line><line number="131" hits="0" branch="false"/><line number="132" hits="0" branch="false"/><line number="135" hits="0" branch="true" condition-coverage="0% (0/2)"><conditions><condition number="0" type="jump" coverage="0%"/></conditions></line><line number="136" hits="0" branch="false"/><line number="140" hits="0" branch="true" condition-coverage="0% (0/2)"><conditions><condition number="0" type="jump" coverage="0%"/></conditions></line><line number="141" hits="0" branch="false"/><line number="144" hits="5" branch="true" condition-coverage="50% (1/2)"><conditions><condition number="0" type="jump" coverage="50%"/></conditions></line><line number="146" hits="0" branch="false"/><line number="154" hits="0" branch="false"/><line number="155" hits="0" branch="false"/><line number="156" hits="0" branch="true" condition-coverage="0% (0/2)"><conditions><condition number="0" type="jump" coverage="0%"/></conditions></line><line number="158" hits="0" branch="true" condition-coverage="0% (0/2)"><conditions><condition number="0" type="jump" coverage="0%"/></conditions></line><line number="162" hits="0" branch="false"/><line number="163" hits="0" branch="true" condition-coverage="0% (0/2)"><conditions><condition number="0" type="jump" coverage="0%"/></conditions></line><line number="164" hits="0" branch="true" condition-coverage="0% (0/6)"><conditions><condition number="0" type="jump" coverage="0%"/></conditions></line><line number="166" hits="0" branch="true" condition-coverage="0% (0/6)"><conditions><condition number="0" type="jump" coverage="0%"/></conditions></line><line number="169" hits="0" branch="true" condition-coverage="0% (0/2)"><conditions><condition number="0" type="jump" coverage="0%"/></conditions></line></lines></class><class name="config_f90" filename="src/config.f90" line-rate="0.7619047619047619" branch-rate="0.34615384615384615" complexity="0.0"><methods/><lines><line number="8" hits="160" branch="false"/><line number="14" hits="160" branch="false"/><line number="16" hits="160" branch="true" condition-coverage="50% (1/2)"><conditions><condition number="0" type="jump" coverage="50%"/></conditions></line><line number="17" hits="0" branch="true" condition-coverage="0% (0/4)"><conditions><condition number="0" type="jump" coverage="0%"/></conditions></line><line number="20" hits="160" branch="false"/><line number="22" hits="160" branch="true" condition-coverage="50% (1/2)"><conditions><condition number="0" type="jump" coverage="50%"/></conditions></line><line number="24" hits="160" branch="true" condition-coverage="50% (2/4)"><conditions><condition number="0" type="jump" coverage="50%"/></conditions></line><line number="27" hits="0" branch="false"/><line number="28" hits="0" branch="true" condition-coverage="0% (0/2)"><conditions><condition number="0" type="jump" coverage="0%"/></conditions></line><line number="29" hits="0" branch="true" condition-coverage="0% (0/4)"><conditions><condition number="0" type="jump" coverage="0%"/></conditions></line><line number="32" hits="0" branch="false"/><line number="37" hits="160" branch="false"/><line number="39" hits="75" branch="false"/><line number="46" hits="75" branch="true" condition-coverage="75% (3/4)"><conditions><condition number="0" type="jump" coverage="75%"/></conditions></line><line number="48" hits="75" branch="false"/><line number="50" hits="75" branch="false"/><line number="52" hits="75" branch="false"/><line number="54" hits="101" branch="false"/><line number="58" hits="101" branch="false"/><line number="59" hits="101" branch="true" condition-coverage="50% (2/4)"><conditions><condition number="0" type="jump" coverage="50%"/></conditions></line><line number="61" hits="101" branch="false"/></lines></class><class name="figure_capture_f90" filename="src/figure_capture.f90" line-rate="0.7088607594936709" branch-rate="0.20422535211267606" complexity="0.0"><methods/><lines><line number="20" hits="86" branch="false"/><line number="24" hits="86" branch="true" condition-coverage="50% (2/4)"><conditions><condition number="0" type="jump" coverage="50%"/></conditions></line><line number="25" hits="86" branch="false"/><line number="28" hits="86" branch="false"/><line number="31" hits="86" branch="false"/><line number="33" hits="86" branch="false"/><line number="35" hits="95" branch="false"/><line number="39" hits="95" branch="true" condition-coverage="50% (2/4)"><conditions><condition number="0" type="jump" coverage="50%"/></conditions></line><line number="40" hits="95" branch="false"/><line number="43" hits="95" branch="false"/><line number="45" hits="95" branch="false"/><line number="47" hits="22" branch="false"/><line number="48" hits="22" branch="false"/><line number="49" hits="22" branch="false"/><line number="51" hits="17" branch="false"/><line number="52" hits="17" branch="false"/><line number="53" hits="17" branch="false"/><line number="55" hits="14" branch="false"/><line number="59" hits="14" branch="false"/><line number="60" hits="14" branch="false"/><line number="62" hits="14" branch="true" condition-coverage="41% (5/12)"><conditions><condition number="0" type="jump" coverage="41%"/></conditions></line><line number="64" hits="14" branch="false"/><line number="66" hits="20" branch="false"/><line number="67" hits="20" branch="false"/><line number="69" hits="20" branch="true" condition-coverage="100% (2/2)"><conditions><condition number="0" type="jump" coverage="100%"/></conditions></line><line number="71" hits="6" branch="false"/><line number="72" hits="6" branch="false"/><line number="76" hits="14" branch="true" condition-coverage="37% (3/8)"><conditions><condition number="0" type="jump" coverage="37%"/></conditions></line><line number="79" hits="14" branch="false"/><line number="82" hits="14" branch="false"/><line number="84" hits="20" branch="true" condition-coverage="100% (2/2)"><conditions><condition number="0" type="jump" coverage="100%"/></conditions></line><line number="86" hits="14" branch="false"/><line number="94" hits="14" branch="false"/><line number="96" hits="34" branch="false"/><line number="99" hits="34" branch="false"/><line number="102" hits="34" branch="false"/><line number="103" hits="34" branch="true" condition-coverage="41% (5/12)"><conditions><condition number="0" type="jump" coverage="41%"/></conditions></line><line number="106" hits="34" branch="true" condition-coverage="50% (1/2)"><conditions><condition number="0" type="jump" coverage="50%"/></conditions></line><line number="108" hits="34" branch="true" condition-coverage="50% (1/2)"><conditions><condition number="0" type="jump" coverage="50%"/></conditions></line><line number="110" hits="34" branch="false"/><line number="113" hits="34" branch="false"/><line number="119" hits="34" branch="false"/><line number="120" hits="34" branch="true" condition-coverage="50% (1/2)"><conditions><condition number="0" type="jump" coverage="50%"/></conditions></line><line number="121" hits="34" branch="true" condition-coverage="25% (2/8)"><conditions><condition number="0" type="jump" coverage="25%"/></conditions></line><line number="122" hits="34" branch="false"/><line number="126" hits="0" branch="true" condition-coverage="0% (0/4)"><conditions><condition number="0" type="jump" coverage="0%"/></conditions></line><line number="127" hits="0" branch="true" condition-coverage="0% (0/2)"><conditions><condition number="0" type="jump" coverage="0%"/></conditions></line><line number="129" hits="0" branch="true" condition-coverage="0% (0/2)"><conditions><condition number="0" type="jump" coverage="0%"/></conditions></line><line number="130" hits="0" branch="true" condition-coverage="0% (0/10)"><conditions><condition number="0" type="jump" coverage="0%"/></conditions></line><line number="132" hits="0" branch="true" condition-coverage="0% (0/8)"><conditions><condition number="0" type="jump" coverage="0%"/></conditions></line><line number="135" hits="68" branch="true" condition-coverage="50% (1/2)"><conditions><condition number="0" type="jump" coverage="50%"/></conditions></line><line number="137" hits="0" branch="false"/><line number="146" hits="0" branch="false"/><line number="148" hits="0" branch="true" condition-coverage="0% (0/6)"><conditions><condition number="0" type="jump" coverage="0%"/></conditions></line><line number="149" hits="0" branch="false"/><line number="151" hits="0" branch="false"/><line number="153" hits="0" branch="true" condition-coverage="0% (0/2)"><conditions><condition number="0" type="jump" coverage="0%"/></conditions></line><line number="155" hits="0" branch="false"/><line number="157" hits="0" branch="true" condition-coverage="0% (0/2)"><conditions><condition number="0" type="jump" coverage="0%"/></conditions></line><line number="158" hits="0" branch="true" condition-coverage="0% (0/4)"><conditions><condition number="0" type="jump" coverage="0%"/></conditions></line><line number="159" hits="0" branch="false"/><line number="160" hits="0" branch="false"/><line number="163" hits="0" branch="true" condition-coverage="0% (0/2)"><conditions><condition number="0" type="jump" coverage="0%"/></conditions></line><line number="164" hits="0" branch="true" condition-coverage="0% (0/16)"><conditions><condition number="0" type="jump" coverage="0%"/></conditions></line><line number="167" hits="0" branch="true" condition-coverage="0% (0/8)"><conditions><condition number="0" type="jump" coverage="0%"/></conditions></line><line number="170" hits="0" branch="true" condition-coverage="0% (0/8)"><conditions><condition number="0" type="jump" coverage="0%"/></conditions></line><line number="173" hits="0" branch="true" condition-coverage="0% (0/2)"><conditions><condition number="0" type="jump" coverage="0%"/></conditions></line><line number="175" hits="0" branch="false"/><line number="179" hits="6" branch="false"/><line number="182" hits="6" branch="false"/><line number="183" hits="6" branch="false"/><line number="185" hits="14" branch="false"/><line number="190" hits="14" branch="false"/><line number="192" hits="14" branch="false"/><line number="194" hits="14" branch="false"/><line number="202" hits="14" branch="true" condition-coverage="50% (2/4)"><conditions><condition number="0" type="jump" coverage="50%"/></conditions></line><line number="203" hits="14" branch="false"/><line number="208" hits="14" branch="false"/><line number="210" hits="0" branch="true" condition-coverage="0% (0/2)"><conditions><condition number="0" type="jump" coverage="0%"/></conditions></line></lines></class><class name="fpm_generator_f90" filename="src/fpm_generator.f90" line-rate="0.9620253164556962" branch-rate="0.6071428571428571" complexity="0.0"><methods/><lines><line number="10" hits="49" branch="false"/><line number="24" hits="49" branch="false"/><line number="26" hits="49" branch="true" condition-coverage="50% (2/4)"><conditions><condition number="0" type="jump" coverage="50%"/></conditions></line><line number="29" hits="49" branch="false"/><line number="30" hits="69" branch="true" condition-coverage="100% (2/2)"><conditions><condition number="0" type="jump" coverage="100%"/></conditions></line><line number="31" hits="20" branch="false"/><line number="33" hits="69" branch="true" condition-coverage="100% (2/2)"><conditions><condition number="0" type="jump" coverage="100%"/></conditions></line><line number="35" hits="15" branch="false"/><line number="36" hits="20" branch="true" condition-coverage="100% (2/2)"><conditions><condition number="0" type="jump" coverage="100%"/></conditions></line><line number="37" hits="20" branch="true" condition-coverage="50% (3/6)"><conditions><condition number="0" type="jump" coverage="50%"/></conditions></line><line number="38" hits="0" branch="false"/><line number="39" hits="0" branch="false"/><line number="43" hits="15" branch="true" condition-coverage="50% (1/2)"><conditions><condition number="0" type="jump" coverage="50%"/></conditions></line><line number="44" hits="15" branch="false"/><line number="45" hits="15" branch="false"/><line number="46" hits="15" branch="false"/><line number="47" hits="15" branch="false"/><line number="53" hits="49" branch="false"/><line number="56" hits="49" branch="true" condition-coverage="50% (1/2)"><conditions><condition number="0" type="jump" coverage="50%"/></conditions></line><line number="57" hits="49" branch="false"/><line number="58" hits="49" branch="false"/><line number="64" hits="49" branch="false"/><line number="65" hits="49" branch="false"/><line number="66" hits="49" branch="false"/><line number="67" hits="49" branch="false"/><line number="68" hits="49" branch="false"/><line number="71" hits="49" branch="false"/><line number="72" hits="49" branch="true" condition-coverage="50% (1/2)"><conditions><condition number="0" type="jump" coverage="50%"/></conditions></line><line number="73" hits="49" branch="false"/><line number="74" hits="49" branch="false"/><line number="77" hits="49" branch="true" condition-coverage="100% (2/2)"><conditions><condition number="0" type="jump" coverage="100%"/></conditions></line><line number="78" hits="10" branch="false"/><line number="79" hits="25" branch="true" condition-coverage="100% (2/2)"><conditions><condition number="0" type="jump" coverage="100%"/></conditions></line><line number="80" hits="25" branch="true" condition-coverage="50% (1/2)"><conditions><condition number="0" type="jump" coverage="50%"/></conditions></line><line number="82" hits="0" branch="true" condition-coverage="0% (0/6)"><conditions><condition number="0" type="jump" coverage="0%"/></conditions></line><line number="85" hits="15" branch="true" condition-coverage="50% (2/4)"><conditions><condition number="0" type="jump" coverage="50%"/></conditions></line><line number="89" hits="39" branch="false"/><line number="92" hits="49" branch="false"/><line number="94" hits="49" branch="true" condition-coverage="50% (1/2)"><conditions><condition number="0" type="jump" coverage="50%"/></conditions></line><line number="96" hits="14" branch="false"/><line number="110" hits="14" branch="true" condition-coverage="50% (2/4)"><conditions><condition number="0" type="jump" coverage="50%"/></conditions></line><line number="111" hits="14" branch="false"/><line number="113" hits="14" branch="true" condition-coverage="50% (2/4)"><conditions><condition number="0" type="jump" coverage="50%"/></conditions></line><line number="116" hits="14" branch="false"/><line number="117" hits="34" branch="true" condition-coverage="100% (2/2)"><conditions><condition number="0" type="jump" coverage="100%"/></conditions></line><line number="118" hits="20" branch="false"/><line number="120" hits="34" branch="true" condition-coverage="50% (1/2)"><conditions><condition number="0" type="jump" coverage="50%"/></conditions></line><line number="122" hits="20" branch="false"/><line number="123" hits="25" branch="true" condition-coverage="100% (2/2)"><conditions><condition number="0" type="jump" coverage="100%"/></conditions></line><line number="124" hits="25" branch="true" condition-coverage="66% (4/6)"><conditions><condition number="0" type="jump" coverage="66%"/></conditions></line><line number="125" hits="5" branch="false"/><line number="126" hits="5" branch="false"/><line number="130" hits="20" branch="true" condition-coverage="100% (2/2)"><conditions><condition number="0" type="jump" coverage="100%"/></conditions></line><line number="131" hits="15" branch="false"/><line number="132" hits="15" branch="false"/><line number="133" hits="15" branch="false"/><line number="134" hits="15" branch="false"/><line number="140" hits="14" branch="false"/><line number="143" hits="14" branch="true" condition-coverage="50% (1/2)"><conditions><condition number="0" type="jump" coverage="50%"/></conditions></line><line number="144" hits="14" branch="false"/><line number="145" hits="14" branch="false"/><line number="151" hits="14" branch="false"/><line number="152" hits="14" branch="false"/><line number="153" hits="14" branch="false"/><line number="154" hits="14" branch="false"/><line number="155" hits="14" branch="false"/><line number="158" hits="14" branch="false"/><line number="159" hits="14" branch="true" condition-coverage="50% (1/2)"><conditions><condition number="0" type="jump" coverage="50%"/></conditions></line><line number="160" hits="14" branch="false"/><line number="161" hits="14" branch="false"/><line number="164" hits="14" branch="true" condition-coverage="100% (2/2)"><conditions><condition number="0" type="jump" coverage="100%"/></conditions></line><line number="165" hits="10" branch="false"/><line number="166" hits="25" branch="true" condition-coverage="100% (2/2)"><conditions><condition number="0" type="jump" coverage="100%"/></conditions></line><line number="167" hits="25" branch="true" condition-coverage="100% (2/2)"><conditions><condition number="0" type="jump" coverage="100%"/></conditions></line><line number="169" hits="10" branch="true" condition-coverage="50% (3/6)"><conditions><condition number="0" type="jump" coverage="50%"/></conditions></line><line number="172" hits="5" branch="true" condition-coverage="50% (2/4)"><conditions><condition number="0" type="jump" coverage="50%"/></conditions></line><line number="176" hits="4" branch="false"/><line number="179" hits="14" branch="false"/><line number="181" hits="14" branch="true" condition-coverage="50% (1/2)"><conditions><condition number="0" type="jump" coverage="50%"/></conditions></line></lines></class><class name="fpm_module_cache_f90" filename="src/fpm_module_cache.f90" line-rate="0.821656050955414" branch-rate="0.33958333333333335" complexity="0.0"><methods/><lines><line number="61" hits="93" branch="false"/><line number="66" hits="93" branch="true" condition-coverage="50% (1/2)"><conditions><condition number="0" type="jump" coverage="50%"/></conditions></line><line number="68" hits="186" branch="true" condition-coverage="50% (1/2)"><conditions><condition number="0" type="jump" coverage="50%"/></conditions></line><line number="71" hits="98" branch="false"/><line number="77" hits="98" branch="false"/><line number="79" hits="98" branch="true" condition-coverage="50% (1/2)"><conditions><condition number="0" type="jump" coverage="50%"/></conditions></line><line number="80" hits="98" branch="true" condition-coverage="40% (4/10)"><conditions><condition number="0" type="jump" coverage="40%"/></conditions></line><line number="83" hits="0" branch="false"/><line number="85" hits="0" branch="true" condition-coverage="0% (0/2)"><conditions><condition number="0" type="jump" coverage="0%"/></conditions></line><line number="86" hits="0" branch="false"/><line number="88" hits="0" branch="true" condition-coverage="0% (0/10)"><conditions><condition number="0" type="jump" coverage="0%"/></conditions></line><line number="90" hits="0" branch="false"/><line number="91" hits="0" branch="true" condition-coverage="0% (0/2)"><conditions><condition number="0" type="jump" coverage="0%"/></conditions></line><line number="92" hits="0" branch="true" condition-coverage="0% (0/10)"><conditions><condition number="0" type="jump" coverage="0%"/></conditions></line><line number="94" hits="0" branch="true" condition-coverage="0% (0/8)"><conditions><condition number="0" type="jump" coverage="0%"/></conditions></line><line number="97" hits="0" branch="true" condition-coverage="0% (0/11)"><conditions><condition number="0" type="jump" coverage="0%"/></conditions></line><line number="100" hits="0" branch="true" condition-coverage="0% (0/8)"><conditions><condition number="0" type="jump" coverage="0%"/></conditions></line><line number="104" hits="98" branch="false"/><line number="107" hits="93" branch="false"/><line number="115" hits="93" branch="true" condition-coverage="37% (3/8)"><conditions><condition number="0" type="jump" coverage="37%"/></conditions></line><line number="118" hits="186" branch="false"/><line number="120" hits="93" branch="true" condition-coverage="37% (3/8)"><conditions><condition number="0" type="jump" coverage="37%"/></conditions></line><line number="122" hits="0" branch="true" condition-coverage="0% (0/8)"><conditions><condition number="0" type="jump" coverage="0%"/></conditions></line><line number="124" hits="0" branch="true" condition-coverage="0% (0/8)"><conditions><condition number="0" type="jump" coverage="0%"/></conditions></line><line number="126" hits="0" branch="true" condition-coverage="0% (0/8)"><conditions><condition number="0" type="jump" coverage="0%"/></conditions></line><line number="128" hits="0" branch="true" condition-coverage="0% (0/8)"><conditions><condition number="0" type="jump" coverage="0%"/></conditions></line><line number="130" hits="0" branch="true" condition-coverage="0% (0/8)"><conditions><condition number="0" type="jump" coverage="0%"/></conditions></line><line number="132" hits="93" branch="true" condition-coverage="6% (1/15)"><conditions><condition number="0" type="jump" coverage="6%"/></conditions></line><line number="136" hits="93" branch="true" condition-coverage="50% (1/2)"><conditions><condition number="0" type="jump" coverage="50%"/></conditions></line><line number="137" hits="93" branch="true" condition-coverage="37% (3/8)"><conditions><condition number="0" type="jump" coverage="37%"/></conditions></line><line number="139" hits="0" branch="true" condition-coverage="0% (0/8)"><conditions><condition number="0" type="jump" coverage="0%"/></conditions></line><line number="143" hits="93" branch="false"/><line number="144" hits="93" branch="true" condition-coverage="100% (2/2)"><conditions><condition number="0" type="jump" coverage="100%"/></conditions></line><line number="145" hits="5" branch="false"/><line number="149" hits="93" branch="true" condition-coverage="100% (2/2)"><conditions><condition number="0" type="jump" coverage="100%"/></conditions></line><line number="150" hits="88" branch="false"/><line number="153" hits="93" branch="false"/><line number="156" hits="70" branch="true" condition-coverage="66% (4/6)"><conditions><condition number="0" type="jump" coverage="66%"/></conditions></line><line number="166" hits="70" branch="false"/><line number="169" hits="70" branch="true" condition-coverage="100% (2/2)"><conditions><condition number="0" type="jump" coverage="100%"/></conditions></line><line number="170" hits="10" branch="true" condition-coverage="100% (2/2)"><conditions><condition number="0" type="jump" coverage="100%"/></conditions></line><line number="171" hits="10" branch="false"/><line number="179" hits="70" branch="false"/><line number="180" hits="70" branch="false"/><line number="182" hits="70" branch="false"/><line number="185" hits="30" branch="false"/><line number="192" hits="30" branch="false"/><line number="197" hits="5" branch="false"/><line number="200" hits="25" branch="true" condition-coverage="37% (3/8)"><conditions><condition number="0" type="jump" coverage="37%"/></conditions></line><line number="203" hits="25" branch="false"/><line number="205" hits="25" branch="false"/><line number="208" hits="25" branch="true" condition-coverage="50% (1/2)"><conditions><condition number="0" type="jump" coverage="50%"/></conditions></line><line number="209" hits="50" branch="true" condition-coverage="100% (2/2)"><conditions><condition number="0" type="jump" coverage="100%"/></conditions></line><line number="211" hits="25" branch="true" condition-coverage="37% (3/8)"><conditions><condition number="0" type="jump" coverage="37%"/></conditions></line><line number="212" hits="25" branch="true" condition-coverage="50% (1/2)"><conditions><condition number="0" type="jump" coverage="50%"/></conditions></line><line number="213" hits="25" branch="true" condition-coverage="37% (3/8)"><conditions><condition number="0" type="jump" coverage="37%"/></conditions></line><line number="214" hits="25" branch="false"/><line number="215" hits="25" branch="true" condition-coverage="50% (1/2)"><conditions><condition number="0" type="jump" coverage="50%"/></conditions></line><line number="219" hits="25" branch="true" condition-coverage="50% (4/8)"><conditions><condition number="0" type="jump" coverage="50%"/></conditions></line><line number="220" hits="50" branch="true" condition-coverage="50% (1/2)"><conditions><condition number="0" type="jump" coverage="50%"/></conditions></line><line number="221" hits="0" branch="true" condition-coverage="0% (0/8)"><conditions><condition number="0" type="jump" coverage="0%"/></conditions></line><line number="222" hits="0" branch="false"/><line number="223" hits="0" branch="true" condition-coverage="0% (0/2)"><conditions><condition number="0" type="jump" coverage="0%"/></conditions></line><line number="229" hits="25" branch="true" condition-coverage="50% (4/8)"><conditions><condition number="0" type="jump" coverage="50%"/></conditions></line><line number="230" hits="25" branch="true" condition-coverage="50% (1/2)"><conditions><condition number="0" type="jump" coverage="50%"/></conditions></line><line number="231" hits="25" branch="true" condition-coverage="50% (4/8)"><conditions><condition number="0" type="jump" coverage="50%"/></conditions></line><line number="232" hits="25" branch="false"/><line number="233" hits="25" branch="true" condition-coverage="50% (1/2)"><conditions><condition number="0" type="jump" coverage="50%"/></conditions></line><line number="237" hits="25" branch="true" condition-coverage="50% (1/2)"><conditions><condition number="0" type="jump" coverage="50%"/></conditions></line><line number="238" hits="25" branch="false"/><line number="241" hits="60" branch="true" condition-coverage="100% (8/8)"><conditions><condition number="0" type="jump" coverage="100%"/></conditions></line><line number="244" hits="25" branch="false"/><line number="252" hits="25" branch="false"/><line number="256" hits="25" branch="false"/><line number="257" hits="5" branch="false"/><line number="259" hits="20" branch="true" condition-coverage="37% (3/8)"><conditions><condition number="0" type="jump" coverage="37%"/></conditions></line><line number="262" hits="20" branch="true" condition-coverage="50% (1/2)"><conditions><condition number="0" type="jump" coverage="50%"/></conditions></line><line number="265" hits="20" branch="true" condition-coverage="50% (1/2)"><conditions><condition number="0" type="jump" coverage="50%"/></conditions></line><line number="266" hits="40" branch="true" condition-coverage="100% (2/2)"><conditions><condition number="0" type="jump" coverage="100%"/></conditions></line><line number="268" hits="20" branch="true" condition-coverage="37% (3/8)"><conditions><condition number="0" type="jump" coverage="37%"/></conditions></line><line number="269" hits="20" branch="true" condition-coverage="50% (1/2)"><conditions><condition number="0" type="jump" coverage="50%"/></conditions></line><line number="270" hits="20" branch="true" condition-coverage="37% (3/8)"><conditions><condition number="0" type="jump" coverage="37%"/></conditions></line><line number="271" hits="20" branch="false"/><line number="272" hits="20" branch="true" condition-coverage="50% (1/2)"><conditions><condition number="0" type="jump" coverage="50%"/></conditions></line><line number="276" hits="20" branch="true" condition-coverage="50% (4/8)"><conditions><condition number="0" type="jump" coverage="50%"/></conditions></line><line number="277" hits="40" branch="true" condition-coverage="50% (1/2)"><conditions><condition number="0" type="jump" coverage="50%"/></conditions></line><line number="278" hits="0" branch="true" condition-coverage="0% (0/8)"><conditions><condition number="0" type="jump" coverage="0%"/></conditions></line><line number="279" hits="0" branch="false"/><line number="285" hits="20" branch="true" condition-coverage="50% (4/8)"><conditions><condition number="0" type="jump" coverage="50%"/></conditions></line><line number="286" hits="20" branch="true" condition-coverage="50% (1/2)"><conditions><condition number="0" type="jump" coverage="50%"/></conditions></line><line number="287" hits="20" branch="true" condition-coverage="50% (4/8)"><conditions><condition number="0" type="jump" coverage="50%"/></conditions></line><line number="288" hits="20" branch="false"/><line number="289" hits="20" branch="true" condition-coverage="50% (1/2)"><conditions><condition number="0" type="jump" coverage="50%"/></conditions></line><line number="292" hits="50" branch="true" condition-coverage="100% (8/8)"><conditions><condition number="0" type="jump" coverage="100%"/></conditions></line><line number="295" hits="25" branch="false"/><line number="299" hits="25" branch="false"/><line number="301" hits="25" branch="false"/><line number="302" hits="0" branch="false"/><line number="304" hits="25" branch="true" condition-coverage="37% (3/8)"><conditions><condition number="0" type="jump" coverage="37%"/></conditions></line><line number="307" hits="25" branch="true" condition-coverage="100% (2/2)"><conditions><condition number="0" type="jump" coverage="100%"/></conditions></line><line number="308" hits="15" branch="true" condition-coverage="37% (3/8)"><conditions><condition number="0" type="jump" coverage="37%"/></conditions></line><line number="309" hits="15" branch="false"/><line number="312" hits="50" branch="true" condition-coverage="66% (4/6)"><conditions><condition number="0" type="jump" coverage="66%"/></conditions></line><line number="315" hits="70" branch="false"/><line number="320" hits="70" branch="true" condition-coverage="37% (3/8)"><conditions><condition number="0" type="jump" coverage="37%"/></conditions></line><line number="321" hits="70" branch="true" condition-coverage="50% (4/8)"><conditions><condition number="0" type="jump" coverage="50%"/></conditions></line><line number="322" hits="70" branch="true" condition-coverage="50% (5/10)"><conditions><condition number="0" type="jump" coverage="50%"/></conditions></line><line number="324" hits="70" branch="false"/><line number="327" hits="0" branch="false"/><line number="336" hits="0" branch="false"/><line number="339" hits="88" branch="false"/><line number="341" hits="88" branch="false"/><line number="344" hits="88" branch="false"/><line number="347" hits="88" branch="true" condition-coverage="37% (3/8)"><conditions><condition number="0" type="jump" coverage="37%"/></conditions></line><line number="348" hits="88" branch="false"/><line number="351" hits="88" branch="true" condition-coverage="50% (4/8)"><conditions><condition number="0" type="jump" coverage="50%"/></conditions></line><line number="352" hits="88" branch="false"/><line number="354" hits="88" branch="true" condition-coverage="50% (1/2)"><conditions><condition number="0" type="jump" coverage="50%"/></conditions></line><line number="357" hits="90" branch="false"/><line number="363" hits="0" branch="false"/><line number="365" hits="0" branch="false"/><line number="367" hits="90" branch="true" condition-coverage="50% (1/2)"><conditions><condition number="0" type="jump" coverage="50%"/></conditions></line><line number="370" hits="90" branch="false"/><line number="372" hits="90" branch="false"/><line number="375" hits="45" branch="false"/><line number="378" hits="45" branch="false"/><line number="382" hits="45" branch="false"/><line number="383" hits="675" branch="true" condition-coverage="100% (2/2)"><conditions><condition number="0" type="jump" coverage="100%"/></conditions></line><line number="384" hits="675" branch="true" condition-coverage="100% (2/2)"><conditions><condition number="0" type="jump" coverage="100%"/></conditions></line><line number="385" hits="20" branch="false"/><line number="386" hits="20" branch="false"/><line number="390" hits="45" branch="true" condition-coverage="100% (2/2)"><conditions><condition number="0" type="jump" coverage="100%"/></conditions></line><line number="391" hits="20" branch="true" condition-coverage="37% (3/8)"><conditions><condition number="0" type="jump" coverage="37%"/></conditions></line><line number="393" hits="25" branch="true" condition-coverage="37% (3/8)"><conditions><condition number="0" type="jump" coverage="37%"/></conditions></line><line number="397" hits="45" branch="false"/><line number="398" hits="45" branch="true" condition-coverage="50% (1/2)"><conditions><condition number="0" type="jump" coverage="50%"/></conditions></line><line number="399" hits="45" branch="true" condition-coverage="37% (3/8)"><conditions><condition number="0" type="jump" coverage="37%"/></conditions></line><line number="401" hits="0" branch="true" condition-coverage="0% (0/8)"><conditions><condition number="0" type="jump" coverage="0%"/></conditions></line><line number="404" hits="90" branch="true" condition-coverage="50% (1/2)"><conditions><condition number="0" type="jump" coverage="50%"/></conditions></line><line number="407" hits="25" branch="false"/><line number="412" hits="25" branch="false"/><line number="416" hits="25" branch="true" condition-coverage="37% (3/8)"><conditions><condition number="0" type="jump" coverage="37%"/></conditions></line><line number="418" hits="25" branch="false"/><line number="421" hits="25" branch="false"/><line number="422" hits="25" branch="false"/><line number="423" hits="25" branch="false"/><line number="424" hits="50" branch="false"/><line number="427" hits="25" branch="false"/><line number="430" hits="25" branch="false"/><line number="433" hits="25" branch="false"/><line number="436" hits="25" branch="true" condition-coverage="50% (1/2)"><conditions><condition number="0" type="jump" coverage="50%"/></conditions></line><line number="437" hits="25" branch="false"/><line number="438" hits="50" branch="true" condition-coverage="100% (2/2)"><conditions><condition number="0" type="jump" coverage="100%"/></conditions></line><line number="439" hits="50" branch="false"/><line number="443" hits="25" branch="false"/><line number="445" hits="50" branch="true" condition-coverage="50% (1/2)"><conditions><condition number="0" type="jump" coverage="50%"/></conditions></line><line number="447" hits="0" branch="true" condition-coverage="0% (0/22)"><conditions><condition number="0" type="jump" coverage="0%"/></conditions></line></lines></class><class name="module_scanner_f90" filename="src/module_scanner.f90" line-rate="0.8095238095238095" branch-rate="0.5471698113207547" complexity="0.0"><methods/><lines><line number="26" hits="73" branch="false"/><line number="34" hits="73" branch="false"/><line number="38" hits="73" branch="false"/><line number="39" hits="73" branch="true" condition-coverage="50% (6/12)"><conditions><condition number="0" type="jump" coverage="50%"/></conditions></line><line number="40" hits="73" branch="false"/><line number="42" hits="73" branch="false"/><line number="43" hits="73" branch="true" condition-coverage="50% (1/2)"><conditions><condition number="0" type="jump" coverage="50%"/></conditions></line><line number="44" hits="0" branch="true" condition-coverage="0% (0/2)"><conditions><condition number="0" type="jump" coverage="0%"/></conditions></line><line number="45" hits="0" branch="false"/><line number="48" hits="396" branch="false"/><line number="49" hits="469" branch="false"/><line number="50" hits="469" branch="true" condition-coverage="100% (2/2)"><conditions><condition number="0" type="jump" coverage="100%"/></conditions></line><line number="53" hits="396" branch="false"/><line number="55" hits="396" branch="true" condition-coverage="100% (2/2)"><conditions><condition number="0" type="jump" coverage="100%"/></conditions></line><line number="57" hits="40" branch="false"/><line number="58" hits="440" branch="true" condition-coverage="100% (2/2)"><conditions><condition number="0" type="jump" coverage="100%"/></conditions></line><line number="59" hits="440" branch="true" condition-coverage="50% (3/6)"><conditions><condition number="0" type="jump" coverage="50%"/></conditions></line><line number="60" hits="0" branch="false"/><line number="61" hits="0" branch="false"/><line number="65" hits="40" branch="true" condition-coverage="50% (1/2)"><conditions><condition number="0" type="jump" coverage="50%"/></conditions></line><line number="66" hits="40" branch="false"/><line number="67" hits="40" branch="true" condition-coverage="50% (1/2)"><conditions><condition number="0" type="jump" coverage="50%"/></conditions></line><line number="68" hits="40" branch="false"/><line number="74" hits="73" branch="false"/><line number="77" hits="73" branch="true" condition-coverage="100% (2/2)"><conditions><condition number="0" type="jump" coverage="100%"/></conditions></line><line number="78" hits="30" branch="true" condition-coverage="50% (7/14)"><conditions><condition number="0" type="jump" coverage="50%"/></conditions></line><line number="79" hits="100" branch="true" condition-coverage="33% (4/12)"><conditions><condition number="0" type="jump" coverage="33%"/></conditions></line><line number="81" hits="43" branch="true" condition-coverage="50% (3/6)"><conditions><condition number="0" type="jump" coverage="50%"/></conditions></line><line number="84" hits="73" branch="true" condition-coverage="50% (1/2)"><conditions><condition number="0" type="jump" coverage="50%"/></conditions></line><line number="86" hits="146" branch="true" condition-coverage="50% (2/4)"><conditions><condition number="0" type="jump" coverage="50%"/></conditions></line><line number="88" hits="396" branch="false"/><line number="97" hits="396" branch="true" condition-coverage="50% (1/2)"><conditions><condition number="0" type="jump" coverage="50%"/></conditions></line><line number="98" hits="396" branch="true" condition-coverage="50% (1/2)"><conditions><condition number="0" type="jump" coverage="50%"/></conditions></line><line number="101" hits="734" branch="true" condition-coverage="100% (2/2)"><conditions><condition number="0" type="jump" coverage="100%"/></conditions></line><line number="102" hits="378" branch="true" condition-coverage="100% (2/2)"><conditions><condition number="0" type="jump" coverage="100%"/></conditions></line><line number="105" hits="364" branch="false"/><line number="106" hits="364" branch="true" condition-coverage="100% (2/2)"><conditions><condition number="0" type="jump" coverage="100%"/></conditions></line><line number="109" hits="44" branch="true" condition-coverage="100% (2/2)"><conditions><condition number="0" type="jump" coverage="100%"/></conditions></line><line number="110" hits="4" branch="true" condition-coverage="50% (1/2)"><conditions><condition number="0" type="jump" coverage="50%"/></conditions></line><line number="114" hits="40" branch="false"/><line number="117" hits="40" branch="false"/><line number="120" hits="40" branch="true" condition-coverage="50% (1/2)"><conditions><condition number="0" type="jump" coverage="50%"/></conditions></line><line number="121" hits="0" branch="false"/><line number="122" hits="0" branch="true" condition-coverage="0% (0/2)"><conditions><condition number="0" type="jump" coverage="0%"/></conditions></line><line number="123" hits="0" branch="false"/><line number="126" hits="0" branch="false"/><line number="131" hits="40" branch="false"/><line number="132" hits="40" branch="true" condition-coverage="50% (1/2)"><conditions><condition number="0" type="jump" coverage="50%"/></conditions></line><line number="133" hits="0" branch="false"/><line number="137" hits="40" branch="false"/><line number="138" hits="40" branch="false"/><line number="140" hits="40" branch="true" condition-coverage="100% (2/2)"><conditions><condition number="0" type="jump" coverage="100%"/></conditions></line><line number="141" hits="5" branch="false"/><line number="142" hits="35" branch="true" condition-coverage="50% (1/2)"><conditions><condition number="0" type="jump" coverage="50%"/></conditions></line><line number="143" hits="0" branch="false"/><line number="145" hits="35" branch="false"/><line number="149" hits="40" branch="false"/><line number="150" hits="40" branch="true" condition-coverage="50% (1/2)"><conditions><condition number="0" type="jump" coverage="50%"/></conditions></line><line number="151" hits="0" branch="false"/><line number="154" hits="40" branch="true" condition-coverage="50% (1/2)"><conditions><condition number="0" type="jump" coverage="50%"/></conditions></line><line number="155" hits="40" branch="true" condition-coverage="50% (2/4)"><conditions><condition number="0" type="jump" coverage="50%"/></conditions></line><line number="158" hits="396" branch="true" condition-coverage="50% (1/2)"><conditions><condition number="0" type="jump" coverage="50%"/></conditions></line><line number="160" hits="0" branch="false"/></lines></class><class name="notebook_executor_f90" filename="src/notebook_executor.f90" line-rate="0.8782051282051282" branch-rate="0.40524193548387094" complexity="0.0"><methods/><lines><line number="40" hits="90" branch="true" condition-coverage="8% (1/12)"><conditions><condition number="0" type="jump" coverage="8%"/></conditions></line><line number="46" hits="90" branch="false"/><line number="47" hits="90" branch="false"/><line number="52" hits="90" branch="false"/><line number="53" hits="90" branch="true" condition-coverage="50% (1/2)"><conditions><condition number="0" type="jump" coverage="50%"/></conditions></line><line number="56" hits="355" branch="true" condition-coverage="62% (15/24)"><conditions><condition number="0" type="jump" coverage="62%"/></conditions></line><line number="57" hits="90" branch="false"/><line number="60" hits="90" branch="true" condition-coverage="50% (1/2)"><conditions><condition number="0" type="jump" coverage="50%"/></conditions></line><line number="61" hits="90" branch="true" condition-coverage="40% (4/10)"><conditions><condition number="0" type="jump" coverage="40%"/></conditions></line><line number="63" hits="0" branch="true" condition-coverage="0% (0/8)"><conditions><condition number="0" type="jump" coverage="0%"/></conditions></line><line number="67" hits="90" branch="true" condition-coverage="50% (1/2)"><conditions><condition number="0" type="jump" coverage="50%"/></conditions></line><line number="70" hits="90" branch="true" condition-coverage="50% (1/2)"><conditions><condition number="0" type="jump" coverage="50%"/></conditions></line><line number="73" hits="90" branch="true" condition-coverage="50% (1/2)"><conditions><condition number="0" type="jump" coverage="50%"/></conditions></line><line number="75" hits="90" branch="true" condition-coverage="100% (2/2)"><conditions><condition number="0" type="jump" coverage="100%"/></conditions></line><line number="76" hits="20" branch="true" condition-coverage="50% (1/2)"><conditions><condition number="0" type="jump" coverage="50%"/></conditions></line><line number="77" hits="0" branch="false"/><line number="80" hits="70" branch="true" condition-coverage="50% (1/2)"><conditions><condition number="0" type="jump" coverage="50%"/></conditions></line><line number="81" hits="0" branch="false"/><line number="85" hits="70" branch="true" condition-coverage="50% (1/2)"><conditions><condition number="0" type="jump" coverage="50%"/></conditions></line><line number="87" hits="70" branch="true" condition-coverage="50% (1/2)"><conditions><condition number="0" type="jump" coverage="50%"/></conditions></line><line number="88" hits="0" branch="false"/><line number="89" hits="0" branch="true" condition-coverage="0% (0/8)"><conditions><condition number="0" type="jump" coverage="0%"/></conditions></line><line number="90" hits="0" branch="false"/><line number="94" hits="70" branch="true" condition-coverage="50% (1/2)"><conditions><condition number="0" type="jump" coverage="50%"/></conditions></line><line number="95" hits="70" branch="true" condition-coverage="50% (5/10)"><conditions><condition number="0" type="jump" coverage="50%"/></conditions></line><line number="98" hits="70" branch="false"/><line number="101" hits="70" branch="false"/><line number="104" hits="70" branch="true" condition-coverage="50% (1/2)"><conditions><condition number="0" type="jump" coverage="50%"/></conditions></line><line number="106" hits="70" branch="true" condition-coverage="100% (2/2)"><conditions><condition number="0" type="jump" coverage="100%"/></conditions></line><line number="107" hits="40" branch="true" condition-coverage="50% (1/2)"><conditions><condition number="0" type="jump" coverage="50%"/></conditions></line><line number="108" hits="40" branch="false"/><line number="109" hits="40" branch="false"/><line number="113" hits="30" branch="false"/><line number="115" hits="30" branch="true" condition-coverage="50% (1/2)"><conditions><condition number="0" type="jump" coverage="50%"/></conditions></line><line number="116" hits="30" branch="false"/><line number="119" hits="30" branch="true" condition-coverage="50% (6/12)"><conditions><condition number="0" type="jump" coverage="50%"/></conditions></line><line number="123" hits="50" branch="false"/><line number="125" hits="360" branch="true" condition-coverage="60% (6/10)"><conditions><condition number="0" type="jump" coverage="60%"/></conditions></line><line number="127" hits="70" branch="false"/><line number="132" hits="70" branch="false"/><line number="136" hits="70" branch="true" condition-coverage="50% (3/6)"><conditions><condition number="0" type="jump" coverage="50%"/></conditions></line><line number="137" hits="70" branch="false"/><line number="140" hits="70" branch="true" condition-coverage="37% (3/8)"><conditions><condition number="0" type="jump" coverage="37%"/></conditions></line><line number="141" hits="70" branch="true" condition-coverage="50% (1/2)"><conditions><condition number="0"
[...]
ndition number="0" type="jump" coverage="100%"/></conditions></line><line number="259" hits="20" branch="true" condition-coverage="50% (1/2)"><conditions><condition number="0" type="jump" coverage="50%"/></conditions></line><line number="260" hits="20" branch="true" condition-coverage="50% (1/2)"><conditions><condition number="0" type="jump" coverage="50%"/></conditions></line><line number="261" hits="120" branch="true" condition-coverage="100% (2/2)"><conditions><condition number="0" type="jump" coverage="100%"/></conditions></line><line number="262" hits="5" branch="true" condition-coverage="50% (1/2)"><conditions><condition number="0" type="jump" coverage="50%"/></conditions></line><line number="263" hits="5" branch="true" condition-coverage="50% (1/2)"><conditions><condition number="0" type="jump" coverage="50%"/></conditions></line><line number="264" hits="115" branch="true" condition-coverage="100% (2/2)"><conditions><condition number="0" type="jump" coverage="100%"/></conditions></line><line number="265" hits="5" branch="true" condition-coverage="50% (1/2)"><conditions><condition number="0" type="jump" coverage="50%"/></conditions></line><line number="266" hits="5" branch="true" condition-coverage="50% (1/2)"><conditions><condition number="0" type="jump" coverage="50%"/></conditions></line><line number="267" hits="110" branch="true" condition-coverage="50% (1/2)"><conditions><condition number="0" type="jump" coverage="50%"/></conditions></line><line number="268" hits="0" branch="true" condition-coverage="0% (0/2)"><conditions><condition number="0" type="jump" coverage="0%"/></conditions></line><line number="269" hits="0" branch="true" condition-coverage="0% (0/2)"><conditions><condition number="0" type="jump" coverage="0%"/></conditions></line><line number="273" hits="140" branch="true" condition-coverage="100% (2/2)"><conditions><condition number="0" type="jump" coverage="100%"/></conditions></line><line number="274" hits="30" branch="false"/><line number="275" hits="30" branch="false"/><line number="277" hits="30" branch="true" condition-coverage="50% (1/2)"><conditions><condition number="0" type="jump" coverage="50%"/></conditions></line><line number="279" hits="30" branch="false"/><line number="281" hits="30" branch="true" condition-coverage="100% (2/2)"><conditions><condition number="0" type="jump" coverage="100%"/></conditions></line><line number="282" hits="5" branch="false"/><line number="283" hits="5" branch="false"/><line number="284" hits="25" branch="true" condition-coverage="50% (1/2)"><conditions><condition number="0" type="jump" coverage="50%"/></conditions></line><line number="285" hits="25" branch="false"/><line number="286" hits="25" branch="false"/><line number="291" hits="2240" branch="true" condition-coverage="100% (4/4)"><conditions><condition number="0" type="jump" coverage="100%"/></conditions></line><line number="293" hits="3960" branch="true" condition-coverage="100% (2/2)"><conditions><condition number="0" type="jump" coverage="100%"/></conditions></line><line number="304" hits="495" branch="false"/><line number="305" hits="495" branch="false"/><line number="309" hits="495" branch="false"/><line number="310" hits="495" branch="false"/><line number="311" hits="495" branch="false"/><line number="312" hits="495" branch="false"/><line number="313" hits="495" branch="false"/><line number="314" hits="495" branch="false"/><line number="317" hits="495" branch="false"/><line number="318" hits="495" branch="false"/><line number="319" hits="495" branch="false"/><line number="320" hits="495" branch="false"/><line number="323" hits="495" branch="true" condition-coverage="100% (2/2)"><conditions><condition number="0" type="jump" coverage="100%"/></conditions></line><line number="324" hits="490" branch="false"/><line number="326" hits="495" branch="true" condition-coverage="100% (2/2)"><conditions><condition number="0" type="jump" coverage="100%"/></conditions></line><line number="327" hits="490" branch="false"/><line number="331" hits="495" branch="true" condition-coverage="100% (2/2)"><conditions><condition number="0" type="jump" coverage="100%"/></conditions></line><line number="332" hits="495" branch="true" condition-coverage="100% (2/2)"><conditions><condition number="0" type="jump" coverage="100%"/></conditions></line><line number="333" hits="495" branch="true" condition-coverage="100% (2/2)"><conditions><condition number="0" type="jump" coverage="100%"/></conditions></line><line number="334" hits="495" branch="true" condition-coverage="100% (2/2)"><conditions><condition number="0" type="jump" coverage="100%"/></conditions></line><line number="335" hits="495" branch="true" condition-coverage="100% (2/2)"><conditions><condition number="0" type="jump" coverage="100%"/></conditions></line><line number="336" hits="495" branch="true" condition-coverage="100% (2/2)"><conditions><condition number="0" type="jump" coverage="100%"/></conditions></line><line number="339" hits="495" branch="false"/><line number="340" hits="495" branch="true" condition-coverage="100% (2/2)"><conditions><condition number="0" type="jump" coverage="100%"/></conditions></line><line number="341" hits="495" branch="true" condition-coverage="100% (2/2)"><conditions><condition number="0" type="jump" coverage="100%"/></conditions></line><line number="342" hits="495" branch="true" condition-coverage="100% (2/2)"><conditions><condition number="0" type="jump" coverage="100%"/></conditions></line><line number="343" hits="495" branch="true" condition-coverage="100% (2/2)"><conditions><condition number="0" type="jump" coverage="100%"/></conditions></line><line number="344" hits="495" branch="true" condition-coverage="100% (2/2)"><conditions><condition number="0" type="jump" coverage="100%"/></conditions></line><line number="345" hits="495" branch="true" condition-coverage="100% (2/2)"><conditions><condition number="0" type="jump" coverage="100%"/></conditions></line><line number="347" hits="495" branch="true" condition-coverage="100% (2/2)"><conditions><condition number="0" type="jump" coverage="100%"/></conditions></line><line number="349" hits="55" branch="true" condition-coverage="50% (1/2)"><conditions><condition number="0" type="jump" coverage="50%"/></conditions></line><line number="352" hits="55" branch="true" condition-coverage="100% (2/2)"><conditions><condition number="0" type="jump" coverage="100%"/></conditions></line><line number="353" hits="10" branch="true" condition-coverage="50% (1/2)"><conditions><condition number="0" type="jump" coverage="50%"/></conditions></line><line number="354" hits="45" branch="true" condition-coverage="100% (2/2)"><conditions><condition number="0" type="jump" coverage="100%"/></conditions></line><line number="355" hits="15" branch="true" condition-coverage="50% (1/2)"><conditions><condition number="0" type="jump" coverage="50%"/></conditions></line><line number="360" hits="30" branch="true" condition-coverage="100% (2/2)"><conditions><condition number="0" type="jump" coverage="100%"/></conditions></line><line number="362" hits="5" branch="true" condition-coverage="50% (1/2)"><conditions><condition number="0" type="jump" coverage="50%"/></conditions></line><line number="364" hits="25" branch="true" condition-coverage="50% (1/2)"><conditions><condition number="0" type="jump" coverage="50%"/></conditions></line><line number="368" hits="55" branch="true" condition-coverage="50% (1/2)"><conditions><condition number="0" type="jump" coverage="50%"/></conditions></line><line number="369" hits="0" branch="false"/><line number="373" hits="55" branch="true" condition-coverage="100% (2/2)"><conditions><condition number="0" type="jump" coverage="100%"/></conditions></line><line number="374" hits="5" branch="false"/><line number="375" hits="5" branch="false"/><line number="377" hits="50" branch="false"/><line number="378" hits="50" branch="false"/><line number="383" hits="55" branch="false"/><line number="384" hits="55" branch="false"/><line number="385" hits="55" branch="false"/><line number="388" hits="7920" branch="true" condition-coverage="100% (4/4)"><conditions><condition number="0" type="jump" coverage="100%"/></conditions></line><line number="390" hits="3520" branch="true" condition-coverage="100% (2/2)"><conditions><condition number="0" type="jump" coverage="100%"/></conditions></line><line number="400" hits="440" branch="false"/><line number="401" hits="440" branch="false"/><line number="404" hits="440" branch="false"/><line number="405" hits="440" branch="false"/><line number="406" hits="440" branch="false"/><line number="409" hits="440" branch="true" condition-coverage="50% (1/2)"><conditions><condition number="0" type="jump" coverage="50%"/></conditions></line><line number="410" hits="0" branch="false"/><line number="411" hits="0" branch="false"/><line number="412" hits="0" branch="false"/><line number="413" hits="0" branch="false"/><line number="417" hits="440" branch="false"/><line number="418" hits="440" branch="true" condition-coverage="100% (2/2)"><conditions><condition number="0" type="jump" coverage="100%"/></conditions></line><line number="419" hits="440" branch="true" condition-coverage="50% (1/2)"><conditions><condition number="0" type="jump" coverage="50%"/></conditions></line><line number="421" hits="440" branch="true" condition-coverage="100% (2/2)"><conditions><condition number="0" type="jump" coverage="100%"/></conditions></line><line number="423" hits="5" branch="true" condition-coverage="50% (1/2)"><conditions><condition number="0" type="jump" coverage="50%"/></conditions></line><line number="426" hits="5" branch="true" condition-coverage="50% (1/2)"><conditions><condition number="0" type="jump" coverage="50%"/></conditions></line><line number="427" hits="5" branch="true" condition-coverage="50% (1/2)"><conditions><condition number="0" type="jump" coverage="50%"/></conditions></line><line number="428" hits="0" branch="true" condition-coverage="0% (0/2)"><conditions><condition number="0" type="jump" coverage="0%"/></conditions></line><line number="429" hits="0" branch="true" condition-coverage="0% (0/2)"><conditions><condition number="0" type="jump" coverage="0%"/></conditions></line><line number="433" hits="5" branch="true" condition-coverage="50% (1/2)"><conditions><condition number="0" type="jump" coverage="50%"/></conditions></line><line number="434" hits="0" branch="false"/><line number="437" hits="5" branch="false"/><line number="438" hits="5" branch="false"/><line number="439" hits="5" branch="false"/><line number="442" hits="880" branch="false"/><line number="444" hits="880" branch="true" condition-coverage="100% (2/2)"><conditions><condition number="0" type="jump" coverage="100%"/></conditions></line><line number="450" hits="110" branch="false"/><line number="457" hits="110" branch="true" condition-coverage="50% (1/2)"><conditions><condition number="0" type="jump" coverage="50%"/></conditions></line><line number="459" hits="0" branch="false"/><line number="460" hits="0" branch="false"/><line number="461" hits="0" branch="false"/><line number="462" hits="110" branch="true" condition-coverage="50% (1/2)"><conditions><condition number="0" type="jump" coverage="50%"/></conditions></line><line number="464" hits="0" branch="false"/><line number="465" hits="0" branch="false"/><line number="466" hits="0" branch="false"/><line number="467" hits="110" branch="true" condition-coverage="50% (1/2)"><conditions><condition number="0" type="jump" coverage="50%"/></conditions></line><line number="469" hits="0" branch="false"/><line number="470" hits="0" branch="false"/><line number="471" hits="0" branch="false"/><line number="474" hits="220" branch="false"/><line number="476" hits="75600" branch="true" condition-coverage="100% (4/4)"><conditions><condition number="0" type="jump" coverage="100%"/></conditions></line><line number="479" hits="75" branch="false"/><line number="480" hits="75075" branch="true" condition-coverage="100% (2/2)"><conditions><condition number="0" type="jump" coverage="100%"/></conditions></line><line number="482" hits="75" branch="false"/><line number="484" hits="70" branch="false"/><line number="487" hits="70" branch="false"/><line number="488" hits="70070" branch="true" condition-coverage="100% (2/2)"><conditions><condition number="0" type="jump" coverage="100%"/></conditions></line><line number="490" hits="70" branch="false"/><line number="492" hits="345" branch="false"/><line number="501" hits="175" branch="false"/><line number="502" hits="5" branch="false"/><line number="506" hits="170" branch="false"/><line number="509" hits="170" branch="false"/><line number="511" hits="170" branch="true" condition-coverage="100% (2/2)"><conditions><condition number="0" type="jump" coverage="100%"/></conditions></line><line number="513" hits="160" branch="true" condition-coverage="50% (1/2)"><conditions><condition number="0" type="jump" coverage="50%"/></conditions></line><line number="514" hits="160" branch="false"/><line number="515" hits="160" branch="false"/><line number="516" hits="160" branch="true" condition-coverage="100% (2/2)"><conditions><condition number="0" type="jump" coverage="100%"/></conditions></line><line number="517" hits="160" branch="false"/><line number="520" hits="0" branch="false"/><line number="525" hits="170" branch="true" condition-coverage="50% (1/2)"><conditions><condition number="0" type="jump" coverage="50%"/></conditions></line><line number="527" hits="0" branch="false"/><line number="528" hits="170" branch="true" condition-coverage="100% (2/2)"><conditions><condition number="0" type="jump" coverage="100%"/></conditions></line><line number="530" hits="160" branch="false"/><line number="531" hits="10" branch="true" condition-coverage="100% (2/2)"><conditions><condition number="0" type="jump" coverage="100%"/></conditions></line><line number="534" hits="5" branch="true" condition-coverage="50% (1/2)"><conditions><condition number="0" type="jump" coverage="50%"/></conditions></line><line number="537" hits="5" branch="false"/><line number="538" hits="5" branch="false"/><line number="542" hits="1400" branch="true" condition-coverage="100% (4/4)"><conditions><condition number="0" type="jump" coverage="100%"/></conditions></line><line number="544" hits="265" branch="false"/><line number="552" hits="265" branch="false"/><line number="553" hits="265" branch="false"/><line number="555" hits="565" branch="true" condition-coverage="100% (2/2)"><conditions><condition number="0" type="jump" coverage="100%"/></conditions></line><line number="556" hits="395" branch="true" condition-coverage="66% (4/6)"><conditions><condition number="0" type="jump" coverage="66%"/></conditions></line><line number="557" hits="95" branch="false"/><line number="558" hits="95" branch="false"/><line number="559" hits="95" branch="false"/><line number="563" hits="265" branch="false"/><line number="565" hits="760" branch="true" condition-coverage="100% (2/2)"><conditions><condition number="0" type="jump" coverage="100%"/></conditions></line><line number="573" hits="95" branch="false"/><line number="575" hits="95" branch="true" condition-coverage="100% (2/2)"><conditions><condition number="0" type="jump" coverage="100%"/></conditions></line><line number="576" hits="85" branch="false"/><line number="578" hits="10" branch="false"/><line number="581" hits="95" branch="false"/><line number="583" hits="45" branch="false"/><line number="590" hits="45" branch="true" condition-coverage="50% (1/2)"><conditions><condition number="0" type="jump" coverage="50%"/></conditions></line><line number="591" hits="45" branch="false"/><line number="594" hits="180" branch="true" condition-coverage="100% (2/2)"><conditions><condition number="0" type="jump" coverage="100%"/></conditions></line><line number="595" hits="180" branch="true" condition-coverage="50% (1/2)"><conditions><condition number="0" type="jump" coverage="50%"/></conditions></line><line number="598" hits="185" branch="false"/><line number="600" hits="100" branch="true" condition-coverage="50% (1/2)"><conditions><condition number="0" type="jump" coverage="50%"/></conditions></line><line number="601" hits="50" branch="false"/><line number="603" hits="0" branch="false"/><line number="607" hits="100" branch="true" condition-coverage="50% (1/2)"><conditions><condition number="0" type="jump" coverage="50%"/></conditions></line><line number="608" hits="0" branch="false"/><line number="610" hits="50" branch="false"/><line number="614" hits="10" branch="false"/><line number="617" hits="35" branch="true" condition-coverage="50% (1/2)"><conditions><condition number="0" type="jump" coverage="50%"/></conditions></line><line number="618" hits="10" branch="false"/><line number="620" hits="0" branch="false"/><line number="624" hits="135" branch="true" condition-coverage="100% (5/5)"><conditions><condition number="0" type="jump" coverage="100%"/></conditions></line><line number="628" hits="120" branch="true" condition-coverage="50% (2/4)"><conditions><condition number="0" type="jump" coverage="50%"/></conditions></line><line number="631" hits="120" branch="true" condition-coverage="50% (1/2)"><conditions><condition number="0" type="jump" coverage="50%"/></conditions></line><line number="632" hits="120" branch="true" condition-coverage="50% (3/6)"><conditions><condition number="0" type="jump" coverage="50%"/></conditions></line><line number="633" hits="120" branch="false"/><line number="639" hits="45" branch="true" condition-coverage="50% (1/2)"><conditions><condition number="0" type="jump" coverage="50%"/></conditions></line><line number="641" hits="495" branch="false"/><line number="649" hits="495" branch="false"/><line number="650" hits="495" branch="false"/><line number="651" hits="495" branch="false"/><line number="652" hits="495" branch="false"/><line number="654" hits="495" branch="false"/><line number="655" hits="2690" branch="true" condition-coverage="100% (2/2)"><conditions><condition number="0" type="jump" coverage="100%"/></conditions></line><line number="656" hits="2215" branch="true" condition-coverage="100% (2/2)"><conditions><condition number="0" type="jump" coverage="100%"/></conditions></line><line number="658" hits="1930" branch="true" condition-coverage="100% (2/2)"><conditions><condition number="0" type="jump" coverage="100%"/></conditions></line><line number="659" hits="35" branch="false"/><line number="660" hits="35" branch="false"/><line number="661" hits="1895" branch="true" condition-coverage="100% (2/2)"><conditions><condition number="0" type="jump" coverage="100%"/></conditions></line><line number="662" hits="20" branch="false"/><line number="663" hits="20" branch="false"/><line number="667" hits="285" branch="true" condition-coverage="100% (2/2)"><conditions><condition number="0" type="jump" coverage="100%"/></conditions></line><line number="669" hits="45" branch="true" condition-coverage="100% (2/2)"><conditions><condition number="0" type="jump" coverage="100%"/></conditions></line><line number="670" hits="15" branch="true" condition-coverage="100% (2/2)"><conditions><condition number="0" type="jump" coverage="100%"/></conditions></line><line number="671" hits="10" branch="false"/><line number="673" hits="5" branch="false"/><line number="676" hits="30" branch="false"/><line number="680" hits="2195" branch="false"/><line number="684" hits="495" branch="true" condition-coverage="100% (2/2)"><conditions><condition number="0" type="jump" coverage="100%"/></conditions></line><line number="685" hits="20" branch="true" condition-coverage="50% (2/4)"><conditions><condition number="0" type="jump" coverage="50%"/></conditions></line><line number="689" hits="495" branch="true" condition-coverage="100% (6/6)"><conditions><condition number="0" type="jump" coverage="100%"/></conditions></line><line number="691" hits="495" branch="false"/><line number="693" hits="0" branch="false"/></lines></class></classes></package></packages></coverage>